<?xml version="1.0" encoding="UTF-8"?>
<testng-results skipped="0" failed="0" ignored="0" total="2" passed="2">
  <reporter-output>
  </reporter-output>
  <suite name="Suite" duration-ms="140" started-at="2017-07-11T15:24:08Z" finished-at="2017-07-11T15:24:09Z">
    <groups>
    </groups>
    <test name="Test" duration-ms="140" started-at="2017-07-11T15:24:08Z" finished-at="2017-07-11T15:24:09Z">
      <class name="SampleJava.TestNg1">
        <test-method status="PASS" signature="beforeTest()[pri:0, instance:SampleJava.TestNg1@39f31e]" name="beforeTest" is-config="true" duration-ms="0" started-at="2017-07-11T20:54:08Z" finished-at="2017-07-11T20:54:08Z">
          <reporter-output>
          </reporter-output>
        </test-method> <!-- beforeTest -->
        <test-method status="PASS" signature="f()[pri:0, instance:SampleJava.TestNg1@39f31e]" name="f" duration-ms="15" started-at="2017-07-11T20:54:08Z" finished-at="2017-07-11T20:54:08Z">
          <reporter-output>
          </reporter-output>
        </test-method> <!-- f -->
        <test-method status="PASS" signature="beforeClass()[pri:0, instance:SampleJava.TestNg1@39f31e]" name="beforeClass" is-config="true" duration-ms="0" started-at="2017-07-11T20:54:08Z" finished-at="2017-07-11T20:54:08Z">
          <reporter-output>
          </reporter-output>
        </test-method> <!-- beforeClass -->
        <test-method status="PASS" signature="login_data()[pri:0, instance:SampleJava.TestNg1@39f31e]" name="login_data" duration-ms="94" started-at="2017-07-11T20:54:08Z" finished-at="2017-07-11T20:54:09Z">
          <reporter-output>
          </reporter-output>
        </test-method> <!-- login_data -->
        <test-method status="PASS" signature="afterClass()[pri:0, instance:SampleJava.TestNg1@39f31e]" name="afterClass" is-config="true" duration-ms="0" started-at="2017-07-11T20:54:09Z" finished-at="2017-07-11T20:54:09Z">
          <reporter-output>
          </reporter-output>
        </test-method> <!-- afterClass -->
        <test-method status="PASS" signature="afterTest()[pri:0, instance:SampleJava.TestNg1@39f31e]" name="afterTest" is-config="true" duration-ms="0" started-at="2017-07-11T20:54:09Z" finished-at="2017-07-11T20:54:09Z">
          <reporter-output>
          </reporter-output>
        </test-method> <!-- afterTest -->
      </class> <!-- SampleJava.TestNg1 -->
    </test> <!-- Test -->
  </suite> <!-- Suite -->
</testng-results>
